Using pre-set license
Built from '2020.3/release' branch; Version is '2020.3.1f1 (77a89f25062f) revision 7841951'; Using compiler version '192528614'; Build Type 'Release'
OS: 'Windows 10 Pro; OS build 19043.1526; Version 2009; 64bit' Language: 'ko' Physical Memory: 16294 MB
BatchMode: 1, IsHumanControllingUs: 0, StartBugReporterOnCrash: 0, Is64bit: 1, IsPro: 0

 COMMAND LINE ARGUMENTS:
D:\Unity\2020.3.1f1\Editor\Unity.exe
-adb2
-batchMode
-noUpm
-name
AssetImportWorker0
-projectPath
D:/Github/project_/prototype
-logFile
Logs/AssetImportWorker0.log
-srvPort
60527
Successfully changed project path to: D:/Github/project_/prototype
D:/Github/project_/prototype
Using Asset Import Pipeline V2.
Refreshing native plugins compatible for Editor in 26.17 ms, found 1 plugins.
Preloading 0 native plugins for Editor in 0.00 ms.
Initialize engine version: 2020.3.1f1 (77a89f25062f)
[Subsystems] Discovering subsystems at path D:/Unity/2020.3.1f1/Editor/Data/Resources/UnitySubsystems
[Subsystems] Discovering subsystems at path D:/Github/project_/prototype/Assets
GfxDevice: creating device client; threaded=0
Direct3D:
    Version:  Direct3D 11.0 [level 11.1]
    Renderer: Radeon RX 570 Series (ID=0x67df)
    Vendor:   
    VRAM:     4075 MB
    Driver:   30.0.13037.1003
Initialize mono
Mono path[0] = 'D:/Unity/2020.3.1f1/Editor/Data/Managed'
Mono path[1] = 'D:/Unity/2020.3.1f1/Editor/Data/MonoBleedingEdge/lib/mono/unityjit'
Mono config path = 'D:/Unity/2020.3.1f1/Editor/Data/MonoBleedingEdge/etc'
Using monoOptions --debugger-agent=transport=dt_socket,embedding=1,server=y,suspend=n,address=127.0.0.1:56384
Begin MonoManager ReloadAssembly
Registering precompiled unity dll's ...
Register platform support module: D:/Unity/2020.3.1f1/Editor/Data/PlaybackEngines/WindowsStandaloneSupport/UnityEditor.WindowsStandalone.Extensions.dll
Registered in 0.000688 seconds.
Native extension for WindowsStandalone target not found
Refreshing native plugins compatible for Editor in 26.03 ms, found 1 plugins.
Preloading 0 native plugins for Editor in 0.00 ms.
Invoked RoslynAnalysisRunner static constructor.
RoslynAnalysisRunner will not be running.
RoslynAnalysisRunner has terminated.
Mono: successfully reloaded assembly
- Completed reload, in  1.256 seconds
Platform modules already initialized, skipping
Registering precompiled user dll's ...
Registered in 0.001185 seconds.
Begin MonoManager ReloadAssembly
Native extension for WindowsStandalone target not found
Refreshing native plugins compatible for Editor in 29.67 ms, found 1 plugins.
Preloading 0 native plugins for Editor in 0.00 ms.
Invoked RoslynAnalysisRunner static constructor.
RoslynAnalysisRunner will not be running.
RoslynAnalysisRunner has terminated.
Mono: successfully reloaded assembly
- Completed reload, in  0.658 seconds
Platform modules already initialized, skipping
========================================================================
Worker process is ready to serve import requests
Launched and connected shader compiler UnityShaderCompiler.exe after 0.04 seconds
Refreshing native plugins compatible for Editor in 0.34 ms, found 1 plugins.
Preloading 0 native plugins for Editor in 0.00 ms.
Unloading 1846 Unused Serialized files (Serialized files now loaded: 0)
System memory in use before: 91.1 MB.
System memory in use after: 91.2 MB.

Unloading 22 unused Assets to reduce memory usage. Loaded Objects now: 2297.
Total: 2.039000 ms (FindLiveObjects: 0.320700 ms CreateObjectMapping: 0.078700 ms MarkObjects: 1.583300 ms  DeleteObjects: 0.055500 ms)

========================================================================
Received Import Request.
  path: Assets/Script/Enemy/Enemy.cs
  artifactKey: Guid(1f5273380137e674a8a6702eb7a534a1) Importer(815301076,1909f56bfc062723c751e8b465ee728b)
Start importing Assets/Script/Enemy/Enemy.cs using Guid(1f5273380137e674a8a6702eb7a534a1) Importer(815301076,1909f56bfc062723c751e8b465ee728b)  -> (artifact id: 'b3548a73f757d677cdd66a06e124ab37') in 0.054804 seconds
  Import took 0.072616 seconds .

========================================================================
Received Import Request.
  Time since last request: 0.000223 seconds.
  path: Assets/Script/Enemy/EnemyBullet.cs
  artifactKey: Guid(1fa090a4c5a43d444ace3982bdbd19f8) Importer(815301076,1909f56bfc062723c751e8b465ee728b)
Start importing Assets/Script/Enemy/EnemyBullet.cs using Guid(1fa090a4c5a43d444ace3982bdbd19f8) Importer(815301076,1909f56bfc062723c751e8b465ee728b)  -> (artifact id: '646644a0dfa14da18115f11405bf91ac') in 0.001253 seconds
  Import took 0.004031 seconds .

========================================================================
Received Import Request.
  Time since last request: 49.760460 seconds.
  path: Assets/Script/Enemy/EnemyAI.cs
  artifactKey: Guid(07adac1355957914d8c0d18bff115224) Importer(815301076,1909f56bfc062723c751e8b465ee728b)
Start importing Assets/Script/Enemy/EnemyAI.cs using Guid(07adac1355957914d8c0d18bff115224) Importer(815301076,1909f56bfc062723c751e8b465ee728b)  -> (artifact id: 'db0c6bf3546a6debe2cc75c4deb4870d') in 0.001511 seconds
  Import took 0.025667 seconds .

========================================================================
Received Import Request.
  Time since last request: 2.155799 seconds.
  path: Assets/Script/Enemy/RangeEnemy.cs
  artifactKey: Guid(452a4ba91d6489b4d8e263aae622743c) Importer(815301076,1909f56bfc062723c751e8b465ee728b)
Start importing Assets/Script/Enemy/RangeEnemy.cs using Guid(452a4ba91d6489b4d8e263aae622743c) Importer(815301076,1909f56bfc062723c751e8b465ee728b)  -> (artifact id: 'ec93ae59b11db4ed62c6e49e47c9d5ac') in 0.001274 seconds
  Import took 0.028452 seconds .

========================================================================
Received Import Request.
  Time since last request: 108.889734 seconds.
  path: Assets/Script/Manager/AttackManager.cs
  artifactKey: Guid(5df5bd1825a2370458198275551b750e) Importer(815301076,1909f56bfc062723c751e8b465ee728b)
Start importing Assets/Script/Manager/AttackManager.cs using Guid(5df5bd1825a2370458198275551b750e) Importer(815301076,1909f56bfc062723c751e8b465ee728b)  -> (artifact id: 'a711bf2212342411f1c5a5caedb0bc97') in 0.001671 seconds
  Import took 0.028673 seconds .

========================================================================
Received Import Request.
  Time since last request: 16.982513 seconds.
  path: Assets/Prefabs/Enemy
  artifactKey: Guid(c4cf194f58d6ade48a7008dfdfaaed0e) Importer(815301076,1909f56bfc062723c751e8b465ee728b)
Start importing Assets/Prefabs/Enemy using Guid(c4cf194f58d6ade48a7008dfdfaaed0e) Importer(815301076,1909f56bfc062723c751e8b465ee728b)  -> (artifact id: '725fdea86f914c07675b340117692731') in 0.001233 seconds
  Import took 0.537587 seconds .

========================================================================
Received Import Request.
  Time since last request: 0.000183 seconds.
  path: Assets/Prefabs/Enemy/Range_Attack
  artifactKey: Guid(47a028391a75f604387d293eac200178) Importer(815301076,1909f56bfc062723c751e8b465ee728b)
Start importing Assets/Prefabs/Enemy/Range_Attack using Guid(47a028391a75f604387d293eac200178) Importer(815301076,1909f56bfc062723c751e8b465ee728b)  -> (artifact id: '187ff8f80f4fdb200c083d533765d8c9') in 0.001285 seconds
  Import took 0.025870 seconds .

========================================================================
Received Import Request.
  Time since last request: 0.000158 seconds.
  path: Assets/Prefabs/Enemy/scarecrow.prefab
  artifactKey: Guid(53766e83a09c3e040b3ea1fa525153a6) Importer(815301076,1909f56bfc062723c751e8b465ee728b)
Start importing Assets/Prefabs/Enemy/scarecrow.prefab using Guid(53766e83a09c3e040b3ea1fa525153a6) Importer(815301076,1909f56bfc062723c751e8b465ee728b)  -> (artifact id: '52d45c3ce6f2527ee30314bb657e48f4') in 0.359894 seconds
  Import took 0.362864 seconds .

========================================================================
Received Import Request.
  Time since last request: 10.919731 seconds.
  path: Assets/Prefabs/Enemy/Range_Attack/Arrow.prefab
  artifactKey: Guid(72b9328531718774ebd4a336188fe9bf) Importer(815301076,1909f56bfc062723c751e8b465ee728b)
Start importing Assets/Prefabs/Enemy/Range_Attack/Arrow.prefab using Guid(72b9328531718774ebd4a336188fe9bf) Importer(815301076,1909f56bfc062723c751e8b465ee728b)  -> (artifact id: '6a29fd7541e3c81116d35d9562e756b7') in 0.005438 seconds
  Import took 0.032376 seconds .

========================================================================
Received Import Request.
  Time since last request: 13.201087 seconds.
  path: ProjectSettings/TagManager.asset
  artifactKey: Guid(00000000000000003000000000000000) Importer(815301076,1909f56bfc062723c751e8b465ee728b)
Start importing ProjectSettings/TagManager.asset using Guid(00000000000000003000000000000000) Importer(815301076,1909f56bfc062723c751e8b465ee728b)  -> (artifact id: '18667a93bc1a5b7a771cd62dfa342a36') in 0.003581 seconds
  Import took 0.137983 seconds .

========================================================================
Received Import Request.
  Time since last request: 214.664628 seconds.
  path: Assets/Prefabs/Enemy/Range_Attack/Arrow.prefab
  artifactKey: Guid(72b9328531718774ebd4a336188fe9bf) Importer(815301076,1909f56bfc062723c751e8b465ee728b)
Start importing Assets/Prefabs/Enemy/Range_Attack/Arrow.prefab using Guid(72b9328531718774ebd4a336188fe9bf) Importer(815301076,1909f56bfc062723c751e8b465ee728b)  -> (artifact id: 'c88b4882acac8fdc855291a3b45fe962') in 0.005445 seconds
  Import took 0.008226 seconds .

========================================================================
Received Prepare
Registering precompiled user dll's ...
Registered in 0.001229 seconds.
Begin MonoManager ReloadAssembly
Native extension for WindowsStandalone target not found
Refreshing native plugins compatible for Editor in 0.34 ms, found 1 plugins.
Preloading 0 native plugins for Editor in 0.00 ms.
Invoked RoslynAnalysisRunner static constructor.
RoslynAnalysisRunner will not be running.
RoslynAnalysisRunner has terminated.
Mono: successfully reloaded assembly
- Completed reload, in  0.538 seconds
Platform modules already initialized, skipping
Refreshing native plugins compatible for Editor in 0.24 ms, found 1 plugins.
Preloading 0 native plugins for Editor in 0.00 ms.
Unloading 1834 Unused Serialized files (Serialized files now loaded: 0)
System memory in use before: 93.7 MB.
System memory in use after: 93.8 MB.

Unloading 11 unused Assets to reduce memory usage. Loaded Objects now: 2308.
Total: 1.561500 ms (FindLiveObjects: 0.165400 ms CreateObjectMapping: 0.041800 ms MarkObjects: 1.342800 ms  DeleteObjects: 0.011000 ms)

========================================================================
Received Prepare
Registering precompiled user dll's ...
Registered in 0.001080 seconds.
Begin MonoManager ReloadAssembly
Native extension for WindowsStandalone target not found
Refreshing native plugins compatible for Editor in 0.34 ms, found 1 plugins.
Preloading 0 native plugins for Editor in 0.00 ms.
Invoked RoslynAnalysisRunner static constructor.
RoslynAnalysisRunner will not be running.
RoslynAnalysisRunner has terminated.
Mono: successfully reloaded assembly
- Completed reload, in  0.528 seconds
Platform modules already initialized, skipping
Refreshing native plugins compatible for Editor in 0.26 ms, found 1 plugins.
Preloading 0 native plugins for Editor in 0.00 ms.
Unloading 1834 Unused Serialized files (Serialized files now loaded: 0)
System memory in use before: 93.7 MB.
System memory in use after: 93.8 MB.

Unloading 10 unused Assets to reduce memory usage. Loaded Objects now: 2312.
Total: 1.661900 ms (FindLiveObjects: 0.226000 ms CreateObjectMapping: 0.056000 ms MarkObjects: 1.368400 ms  DeleteObjects: 0.010900 ms)

========================================================================
Received Import Request.
  Time since last request: 371.643406 seconds.
  path: Assets/Prefabs/Enemy/Range_Attack/Arrow.prefab
  artifactKey: Guid(72b9328531718774ebd4a336188fe9bf) Importer(815301076,1909f56bfc062723c751e8b465ee728b)
Start importing Assets/Prefabs/Enemy/Range_Attack/Arrow.prefab using Guid(72b9328531718774ebd4a336188fe9bf) Importer(815301076,1909f56bfc062723c751e8b465ee728b)  -> (artifact id: '7d1dc58367bb0933b1a92606d8dc3b3e') in 0.034063 seconds
  Import took 0.056122 seconds .

========================================================================
Received Import Request.
  Time since last request: 12.976492 seconds.
  path: Assets/Script/Manager/AttackManager.cs
  artifactKey: Guid(5df5bd1825a2370458198275551b750e) Importer(815301076,1909f56bfc062723c751e8b465ee728b)
Start importing Assets/Script/Manager/AttackManager.cs using Guid(5df5bd1825a2370458198275551b750e) Importer(815301076,1909f56bfc062723c751e8b465ee728b)  -> (artifact id: 'ab438c7ef1549cdd79bde0ba94be429c') in 0.001008 seconds
  Import took 0.003336 seconds .

========================================================================
Received Import Request.
  Time since last request: 0.002025 seconds.
  path: Assets/Script/Manager/AttackManager.cs
  artifactKey: Guid(5df5bd1825a2370458198275551b750e) Importer(815301076,1909f56bfc062723c751e8b465ee728b)
Start importing Assets/Script/Manager/AttackManager.cs using Guid(5df5bd1825a2370458198275551b750e) Importer(815301076,1909f56bfc062723c751e8b465ee728b)  -> (artifact id: 'ab438c7ef1549cdd79bde0ba94be429c') in 0.000845 seconds
  Import took 0.091981 seconds .

========================================================================
Received Prepare
Registering precompiled user dll's ...
Registered in 0.001370 seconds.
Begin MonoManager ReloadAssembly
Native extension for WindowsStandalone target not found
Refreshing native plugins compatible for Editor in 0.35 ms, found 1 plugins.
Preloading 0 native plugins for Editor in 0.00 ms.
Invoked RoslynAnalysisRunner static constructor.
RoslynAnalysisRunner will not be running.
RoslynAnalysisRunner has terminated.
Mono: successfully reloaded assembly
- Completed reload, in  0.526 seconds
Platform modules already initialized, skipping
Refreshing native plugins compatible for Editor in 0.21 ms, found 1 plugins.
Preloading 0 native plugins for Editor in 0.00 ms.
Unloading 1834 Unused Serialized files (Serialized files now loaded: 0)
System memory in use before: 93.7 MB.
System memory in use after: 93.9 MB.

Unloading 10 unused Assets to reduce memory usage. Loaded Objects now: 2317.
Total: 1.600800 ms (FindLiveObjects: 0.156300 ms CreateObjectMapping: 0.052800 ms MarkObjects: 1.380100 ms  DeleteObjects: 0.011200 ms)

========================================================================
Received Prepare
Registering precompiled user dll's ...
Registered in 0.001244 seconds.
Begin MonoManager ReloadAssembly
Native extension for WindowsStandalone target not found
Refreshing native plugins compatible for Editor in 0.35 ms, found 1 plugins.
Preloading 0 native plugins for Editor in 0.00 ms.
Invoked RoslynAnalysisRunner static constructor.
RoslynAnalysisRunner will not be running.
RoslynAnalysisRunner has terminated.
Mono: successfully reloaded assembly
- Completed reload, in  0.549 seconds
Platform modules already initialized, skipping
Refreshing native plugins compatible for Editor in 0.25 ms, found 1 plugins.
Preloading 0 native plugins for Editor in 0.00 ms.
Unloading 1834 Unused Serialized files (Serialized files now loaded: 0)
System memory in use before: 93.8 MB.
System memory in use after: 93.9 MB.

Unloading 10 unused Assets to reduce memory usage. Loaded Objects now: 2321.
Total: 1.587200 ms (FindLiveObjects: 0.190400 ms CreateObjectMapping: 0.055100 ms MarkObjects: 1.330800 ms  DeleteObjects: 0.010100 ms)

========================================================================
Received Prepare
Registering precompiled user dll's ...
Registered in 0.001196 seconds.
Begin MonoManager ReloadAssembly
Native extension for WindowsStandalone target not found
Refreshing native plugins compatible for Editor in 0.37 ms, found 1 plugins.
Preloading 0 native plugins for Editor in 0.00 ms.
Invoked RoslynAnalysisRunner static constructor.
RoslynAnalysisRunner will not be running.
RoslynAnalysisRunner has terminated.
Mono: successfully reloaded assembly
- Completed reload, in  0.529 seconds
Platform modules already initialized, skipping
Refreshing native plugins compatible for Editor in 0.18 ms, found 1 plugins.
Preloading 0 native plugins for Editor in 0.00 ms.
Unloading 1834 Unused Serialized files (Serialized files now loaded: 0)
System memory in use before: 93.8 MB.
System memory in use after: 93.9 MB.

Unloading 10 unused Assets to reduce memory usage. Loaded Objects now: 2325.
Total: 1.620800 ms (FindLiveObjects: 0.159700 ms CreateObjectMapping: 0.053500 ms MarkObjects: 1.397400 ms  DeleteObjects: 0.009600 ms)

========================================================================
Received Prepare
Registering precompiled user dll's ...
Registered in 0.001267 seconds.
Begin MonoManager ReloadAssembly
Native extension for WindowsStandalone target not found
Refreshing native plugins compatible for Editor in 0.36 ms, found 1 plugins.
Preloading 0 native plugins for Editor in 0.00 ms.
Invoked RoslynAnalysisRunner static constructor.
RoslynAnalysisRunner will not be running.
RoslynAnalysisRunner has terminated.
Mono: successfully reloaded assembly
- Completed reload, in  0.593 seconds
Platform modules already initialized, skipping
Refreshing native plugins compatible for Editor in 0.31 ms, found 1 plugins.
Preloading 0 native plugins for Editor in 0.00 ms.
Unloading 1834 Unused Serialized files (Serialized files now loaded: 0)
System memory in use before: 93.8 MB.
System memory in use after: 93.9 MB.

Unloading 10 unused Assets to reduce memory usage. Loaded Objects now: 2329.
Total: 1.644000 ms (FindLiveObjects: 0.215400 ms CreateObjectMapping: 0.058800 ms MarkObjects: 1.356800 ms  DeleteObjects: 0.012100 ms)

========================================================================
Received Prepare
Registering precompiled user dll's ...
Registered in 0.001198 seconds.
Begin MonoManager ReloadAssembly
Native extension for WindowsStandalone target not found
Refreshing native plugins compatible for Editor in 0.34 ms, found 1 plugins.
Preloading 0 native plugins for Editor in 0.00 ms.
Invoked RoslynAnalysisRunner static constructor.
RoslynAnalysisRunner will not be running.
RoslynAnalysisRunner has terminated.
Mono: successfully reloaded assembly
- Completed reload, in  0.532 seconds
Platform modules already initialized, skipping
Refreshing native plugins compatible for Editor in 0.30 ms, found 1 plugins.
Preloading 0 native plugins for Editor in 0.00 ms.
Unloading 1834 Unused Serialized files (Serialized files now loaded: 0)
System memory in use before: 93.8 MB.
System memory in use after: 93.9 MB.

Unloading 10 unused Assets to reduce memory usage. Loaded Objects now: 2333.
Total: 1.587400 ms (FindLiveObjects: 0.172200 ms CreateObjectMapping: 0.061100 ms MarkObjects: 1.342700 ms  DeleteObjects: 0.010700 ms)

========================================================================
Received Prepare
Registering precompiled user dll's ...
Registered in 0.001240 seconds.
Begin MonoManager ReloadAssembly
Native extension for WindowsStandalone target not found
Refreshing native plugins compatible for Editor in 0.35 ms, found 1 plugins.
Preloading 0 native plugins for Editor in 0.00 ms.
Invoked RoslynAnalysisRunner static constructor.
RoslynAnalysisRunner will not be running.
RoslynAnalysisRunner has terminated.
Mono: successfully reloaded assembly
- Completed reload, in  0.528 seconds
Platform modules already initialized, skipping
Refreshing native plugins compatible for Editor in 0.18 ms, found 1 plugins.
Preloading 0 native plugins for Editor in 0.00 ms.
Unloading 1834 Unused Serialized files (Serialized files now loaded: 0)
System memory in use before: 93.8 MB.
System memory in use after: 93.9 MB.

Unloading 10 unused Assets to reduce memory usage. Loaded Objects now: 2337.
Total: 1.702700 ms (FindLiveObjects: 0.178900 ms CreateObjectMapping: 0.065100 ms MarkObjects: 1.446400 ms  DeleteObjects: 0.011700 ms)

========================================================================
Received Import Request.
  Time since last request: 997.511888 seconds.
  path: Assets/Prefabs/Enemy/Range_Attack/Arrow.prefab
  artifactKey: Guid(72b9328531718774ebd4a336188fe9bf) Importer(815301076,1909f56bfc062723c751e8b465ee728b)
Start importing Assets/Prefabs/Enemy/Range_Attack/Arrow.prefab using Guid(72b9328531718774ebd4a336188fe9bf) Importer(815301076,1909f56bfc062723c751e8b465ee728b)  -> (artifact id: '7e8ecc6313172e25fc0f9810c25a4bf9') in 0.034140 seconds
  Import took 0.050369 seconds .

========================================================================
Received Prepare
Registering precompiled user dll's ...
Registered in 0.001206 seconds.
Begin MonoManager ReloadAssembly
Native extension for WindowsStandalone target not found
Refreshing native plugins compatible for Editor in 0.34 ms, found 1 plugins.
Preloading 0 native plugins for Editor in 0.00 ms.
Invoked RoslynAnalysisRunner static constructor.
RoslynAnalysisRunner will not be running.
RoslynAnalysisRunner has terminated.
Mono: successfully reloaded assembly
- Completed reload, in  0.521 seconds
Platform modules already initialized, skipping
Refreshing native plugins compatible for Editor in 0.24 ms, found 1 plugins.
Preloading 0 native plugins for Editor in 0.00 ms.
Unloading 1834 Unused Serialized files (Serialized files now loaded: 0)
System memory in use before: 93.8 MB.
System memory in use after: 93.9 MB.

Unloading 10 unused Assets to reduce memory usage. Loaded Objects now: 2342.
Total: 1.459300 ms (FindLiveObjects: 0.140000 ms CreateObjectMapping: 0.041500 ms MarkObjects: 1.266800 ms  DeleteObjects: 0.010300 ms)

========================================================================
Received Prepare
Registering precompiled user dll's ...
Registered in 0.001351 seconds.
Begin MonoManager ReloadAssembly
Native extension for WindowsStandalone target not found
Refreshing native plugins compatible for Editor in 0.34 ms, found 1 plugins.
Preloading 0 native plugins for Editor in 0.00 ms.
Invoked RoslynAnalysisRunner static constructor.
RoslynAnalysisRunner will not be running.
RoslynAnalysisRunner has terminated.
Mono: successfully reloaded assembly
- Completed reload, in  0.535 seconds
Platform modules already initialized, skipping
Refreshing native plugins compatible for Editor in 0.20 ms, found 1 plugins.
Preloading 0 native plugins for Editor in 0.00 ms.
Unloading 1834 Unused Serialized files (Serialized files now loaded: 0)
System memory in use before: 93.8 MB.
System memory in use after: 93.9 MB.

Unloading 10 unused Assets to reduce memory usage. Loaded Objects now: 2346.
Total: 1.551400 ms (FindLiveObjects: 0.153000 ms CreateObjectMapping: 0.042400 ms MarkObjects: 1.345300 ms  DeleteObjects: 0.010100 ms)

========================================================================
Received Prepare
Registering precompiled user dll's ...
Registered in 0.001118 seconds.
Begin MonoManager ReloadAssembly
Native extension for WindowsStandalone target not found
Refreshing native plugins compatible for Editor in 0.34 ms, found 1 plugins.
Preloading 0 native plugins for Editor in 0.00 ms.
Invoked RoslynAnalysisRunner static constructor.
RoslynAnalysisRunner will not be running.
RoslynAnalysisRunner has terminated.
Mono: successfully reloaded assembly
- Completed reload, in  0.523 seconds
Platform modules already initialized, skipping
Refreshing native plugins compatible for Editor in 0.22 ms, found 1 plugins.
Preloading 0 native plugins for Editor in 0.00 ms.
Unloading 1834 Unused Serialized files (Serialized files now loaded: 0)
System memory in use before: 93.8 MB.
System memory in use after: 94.0 MB.

Unloading 10 unused Assets to reduce memory usage. Loaded Objects now: 2350.
Total: 1.555100 ms (FindLiveObjects: 0.145400 ms CreateObjectMapping: 0.044700 ms MarkObjects: 1.353700 ms  DeleteObjects: 0.010600 ms)

AssetImportWorkerClient::OnTransportError - code=2 error=End of file
