Using pre-set license
Built from '2020.3/release' branch; Version is '2020.3.1f1 (77a89f25062f) revision 7841951'; Using compiler version '192528614'; Build Type 'Release'
OS: 'Windows 10 Pro; OS build 19043.1526; Version 2009; 64bit' Language: 'ko' Physical Memory: 16294 MB
BatchMode: 1, IsHumanControllingUs: 0, StartBugReporterOnCrash: 0, Is64bit: 1, IsPro: 0

 COMMAND LINE ARGUMENTS:
D:\Unity\2020.3.1f1\Editor\Unity.exe
-adb2
-batchMode
-noUpm
-name
AssetImportWorker0
-projectPath
D:/Github/Project_CC/prototype
-logFile
Logs/AssetImportWorker0.log
-srvPort
61308
Successfully changed project path to: D:/Github/Project_CC/prototype
D:/Github/Project_CC/prototype
Using Asset Import Pipeline V2.
Refreshing native plugins compatible for Editor in 25.14 ms, found 1 plugins.
Preloading 0 native plugins for Editor in 0.00 ms.
Initialize engine version: 2020.3.1f1 (77a89f25062f)
[Subsystems] Discovering subsystems at path D:/Unity/2020.3.1f1/Editor/Data/Resources/UnitySubsystems
[Subsystems] Discovering subsystems at path D:/Github/Project_CC/prototype/Assets
GfxDevice: creating device client; threaded=0
Direct3D:
    Version:  Direct3D 11.0 [level 11.1]
    Renderer: Radeon RX 570 Series (ID=0x67df)
    Vendor:   
    VRAM:     4075 MB
    Driver:   30.0.13037.1003
Initialize mono
Mono path[0] = 'D:/Unity/2020.3.1f1/Editor/Data/Managed'
Mono path[1] = 'D:/Unity/2020.3.1f1/Editor/Data/MonoBleedingEdge/lib/mono/unityjit'
Mono config path = 'D:/Unity/2020.3.1f1/Editor/Data/MonoBleedingEdge/etc'
Using monoOptions --debugger-agent=transport=dt_socket,embedding=1,server=y,suspend=n,address=127.0.0.1:56816
Begin MonoManager ReloadAssembly
Registering precompiled unity dll's ...
Register platform support module: D:/Unity/2020.3.1f1/Editor/Data/PlaybackEngines/WindowsStandaloneSupport/UnityEditor.WindowsStandalone.Extensions.dll
Registered in 0.000675 seconds.
Native extension for WindowsStandalone target not found
Refreshing native plugins compatible for Editor in 24.49 ms, found 1 plugins.
Preloading 0 native plugins for Editor in 0.00 ms.
Invoked RoslynAnalysisRunner static constructor.
RoslynAnalysisRunner will not be running.
RoslynAnalysisRunner has terminated.
Mono: successfully reloaded assembly
- Completed reload, in  0.978 seconds
Platform modules already initialized, skipping
Registering precompiled user dll's ...
Registered in 0.001075 seconds.
Begin MonoManager ReloadAssembly
Native extension for WindowsStandalone target not found
Refreshing native plugins compatible for Editor in 24.72 ms, found 1 plugins.
Preloading 0 native plugins for Editor in 0.00 ms.
Invoked RoslynAnalysisRunner static constructor.
RoslynAnalysisRunner will not be running.
RoslynAnalysisRunner has terminated.
Mono: successfully reloaded assembly
- Completed reload, in  0.573 seconds
Platform modules already initialized, skipping
========================================================================
Worker process is ready to serve import requests
Launched and connected shader compiler UnityShaderCompiler.exe after 0.03 seconds
Refreshing native plugins compatible for Editor in 0.32 ms, found 1 plugins.
Preloading 0 native plugins for Editor in 0.00 ms.
Unloading 1845 Unused Serialized files (Serialized files now loaded: 0)
System memory in use before: 91.1 MB.
System memory in use after: 91.2 MB.

Unloading 22 unused Assets to reduce memory usage. Loaded Objects now: 2296.
Total: 1.729900 ms (FindLiveObjects: 0.228400 ms CreateObjectMapping: 0.063100 ms MarkObjects: 1.396400 ms  DeleteObjects: 0.041400 ms)

========================================================================
Received Import Request.
  path: Assets/Script/Enemy/Enemy.cs
  artifactKey: Guid(1f5273380137e674a8a6702eb7a534a1) Importer(815301076,1909f56bfc062723c751e8b465ee728b)
Start importing Assets/Script/Enemy/Enemy.cs using Guid(1f5273380137e674a8a6702eb7a534a1) Importer(815301076,1909f56bfc062723c751e8b465ee728b)  -> (artifact id: '888712d2e1a31e501d77a9885e030aa9') in 0.017212 seconds
  Import took 0.019230 seconds .

========================================================================
Received Prepare
Registering precompiled user dll's ...
Registered in 0.001050 seconds.
Begin MonoManager ReloadAssembly
Native extension for WindowsStandalone target not found
Refreshing native plugins compatible for Editor in 0.35 ms, found 1 plugins.
Preloading 0 native plugins for Editor in 0.00 ms.
Invoked RoslynAnalysisRunner static constructor.
RoslynAnalysisRunner will not be running.
RoslynAnalysisRunner has terminated.
Mono: successfully reloaded assembly
- Completed reload, in  0.548 seconds
Platform modules already initialized, skipping
Refreshing native plugins compatible for Editor in 0.30 ms, found 1 plugins.
Preloading 0 native plugins for Editor in 0.00 ms.
Unloading 1834 Unused Serialized files (Serialized files now loaded: 0)
System memory in use before: 90.5 MB.
System memory in use after: 90.7 MB.

Unloading 10 unused Assets to reduce memory usage. Loaded Objects now: 2301.
Total: 1.665700 ms (FindLiveObjects: 0.175000 ms CreateObjectMapping: 0.070300 ms MarkObjects: 1.407300 ms  DeleteObjects: 0.012200 ms)

========================================================================
Received Prepare
Registering precompiled user dll's ...
Registered in 0.001298 seconds.
Begin MonoManager ReloadAssembly
Native extension for WindowsStandalone target not found
Refreshing native plugins compatible for Editor in 0.35 ms, found 1 plugins.
Preloading 0 native plugins for Editor in 0.00 ms.
Invoked RoslynAnalysisRunner static constructor.
RoslynAnalysisRunner will not be running.
RoslynAnalysisRunner has terminated.
Mono: successfully reloaded assembly
- Completed reload, in  0.593 seconds
Platform modules already initialized, skipping
Refreshing native plugins compatible for Editor in 0.29 ms, found 1 plugins.
Preloading 0 native plugins for Editor in 0.00 ms.
Unloading 1834 Unused Serialized files (Serialized files now loaded: 0)
System memory in use before: 90.6 MB.
System memory in use after: 90.7 MB.

Unloading 10 unused Assets to reduce memory usage. Loaded Objects now: 2305.
Total: 3.676600 ms (FindLiveObjects: 0.335400 ms CreateObjectMapping: 0.492500 ms MarkObjects: 2.833900 ms  DeleteObjects: 0.013400 ms)

========================================================================
Received Import Request.
  Time since last request: 1531.760449 seconds.
  path: Assets/Script/Enemy/Enemy.cs
  artifactKey: Guid(1f5273380137e674a8a6702eb7a534a1) Importer(815301076,1909f56bfc062723c751e8b465ee728b)
Start importing Assets/Script/Enemy/Enemy.cs using Guid(1f5273380137e674a8a6702eb7a534a1) Importer(815301076,1909f56bfc062723c751e8b465ee728b)  -> (artifact id: '2e8f2a055f0e33beceabcadd0233142d') in 0.003361 seconds
  Import took 0.005339 seconds .

========================================================================
Received Prepare
Registering precompiled user dll's ...
Registered in 0.001210 seconds.
Begin MonoManager ReloadAssembly
Native extension for WindowsStandalone target not found
Refreshing native plugins compatible for Editor in 0.41 ms, found 1 plugins.
Preloading 0 native plugins for Editor in 0.00 ms.
Invoked RoslynAnalysisRunner static constructor.
RoslynAnalysisRunner will not be running.
RoslynAnalysisRunner has terminated.
Mono: successfully reloaded assembly
- Completed reload, in  0.589 seconds
Platform modules already initialized, skipping
Refreshing native plugins compatible for Editor in 0.29 ms, found 1 plugins.
Preloading 0 native plugins for Editor in 0.00 ms.
Unloading 1834 Unused Serialized files (Serialized files now loaded: 0)
System memory in use before: 90.6 MB.
System memory in use after: 90.7 MB.

Unloading 10 unused Assets to reduce memory usage. Loaded Objects now: 2309.
Total: 1.608800 ms (FindLiveObjects: 0.168800 ms CreateObjectMapping: 0.053300 ms MarkObjects: 1.375200 ms  DeleteObjects: 0.010900 ms)

========================================================================
Received Prepare
Registering precompiled user dll's ...
Registered in 0.001181 seconds.
Begin MonoManager ReloadAssembly
Native extension for WindowsStandalone target not found
Refreshing native plugins compatible for Editor in 0.36 ms, found 1 plugins.
Preloading 0 native plugins for Editor in 0.00 ms.
Invoked RoslynAnalysisRunner static constructor.
RoslynAnalysisRunner will not be running.
RoslynAnalysisRunner has terminated.
Mono: successfully reloaded assembly
- Completed reload, in  0.581 seconds
Platform modules already initialized, skipping
Refreshing native plugins compatible for Editor in 0.29 ms, found 1 plugins.
Preloading 0 native plugins for Editor in 0.00 ms.
Unloading 1834 Unused Serialized files (Serialized files now loaded: 0)
System memory in use before: 90.6 MB.
System memory in use after: 90.7 MB.

Unloading 10 unused Assets to reduce memory usage. Loaded Objects now: 2313.
Total: 1.770300 ms (FindLiveObjects: 0.172100 ms CreateObjectMapping: 0.064200 ms MarkObjects: 1.519700 ms  DeleteObjects: 0.013500 ms)

========================================================================
Received Import Request.
  Time since last request: 57.274213 seconds.
  path: Assets/Script/Enemy/EnemyBullet.cs
  artifactKey: Guid(1fa090a4c5a43d444ace3982bdbd19f8) Importer(815301076,1909f56bfc062723c751e8b465ee728b)
Start importing Assets/Script/Enemy/EnemyBullet.cs using Guid(1fa090a4c5a43d444ace3982bdbd19f8) Importer(815301076,1909f56bfc062723c751e8b465ee728b)  -> (artifact id: '744a5c64a231a74e616496bf56cdc535') in 0.003336 seconds
  Import took 0.005717 seconds .

========================================================================
Received Prepare
Registering precompiled user dll's ...
Registered in 0.001148 seconds.
Begin MonoManager ReloadAssembly
Native extension for WindowsStandalone target not found
Refreshing native plugins compatible for Editor in 0.36 ms, found 1 plugins.
Preloading 0 native plugins for Editor in 0.00 ms.
Invoked RoslynAnalysisRunner static constructor.
RoslynAnalysisRunner will not be running.
RoslynAnalysisRunner has terminated.
Mono: successfully reloaded assembly
- Completed reload, in  0.578 seconds
Platform modules already initialized, skipping
Refreshing native plugins compatible for Editor in 0.29 ms, found 1 plugins.
Preloading 0 native plugins for Editor in 0.00 ms.
Unloading 1834 Unused Serialized files (Serialized files now loaded: 0)
System memory in use before: 90.6 MB.
System memory in use after: 90.7 MB.

Unloading 10 unused Assets to reduce memory usage. Loaded Objects now: 2317.
Total: 1.633300 ms (FindLiveObjects: 0.150500 ms CreateObjectMapping: 0.042700 ms MarkObjects: 1.428500 ms  DeleteObjects: 0.010800 ms)

========================================================================
Received Import Request.
  Time since last request: 36.162292 seconds.
  path: Assets/Script/Enemy/EnemyBullet.cs
  artifactKey: Guid(1fa090a4c5a43d444ace3982bdbd19f8) Importer(815301076,1909f56bfc062723c751e8b465ee728b)
Start importing Assets/Script/Enemy/EnemyBullet.cs using Guid(1fa090a4c5a43d444ace3982bdbd19f8) Importer(815301076,1909f56bfc062723c751e8b465ee728b)  -> (artifact id: '4048fed956e5d703a14d29508850ff5c') in 0.003229 seconds
  Import took 0.005318 seconds .

========================================================================
Received Import Request.
  Time since last request: 0.000111 seconds.
  path: Assets/Script/Enemy/RangeEnemy.cs
  artifactKey: Guid(6b086559dbbe1f84c8102e94ef79e9d3) Importer(815301076,1909f56bfc062723c751e8b465ee728b)
Start importing Assets/Script/Enemy/RangeEnemy.cs using Guid(6b086559dbbe1f84c8102e94ef79e9d3) Importer(815301076,1909f56bfc062723c751e8b465ee728b)  -> (artifact id: '73c3f0f0938d77dd07cdee55d8aefc7c') in 0.000919 seconds
  Import took 0.002444 seconds .

========================================================================
Received Import Request.
  Time since last request: 62.146231 seconds.
  path: Assets/Prefabs/Enemy/Range_Attack/Arrow.prefab
  artifactKey: Guid(72b9328531718774ebd4a336188fe9bf) Importer(815301076,1909f56bfc062723c751e8b465ee728b)
Start importing Assets/Prefabs/Enemy/Range_Attack/Arrow.prefab using Guid(72b9328531718774ebd4a336188fe9bf) Importer(815301076,1909f56bfc062723c751e8b465ee728b)  -> (artifact id: 'c7496cdef2ad653a58f77b832f5e20f5') in 0.062441 seconds
  Import took 0.064969 seconds .

========================================================================
Received Import Request.
  Time since last request: 32.699485 seconds.
  path: ProjectSettings/TagManager.asset
  artifactKey: Guid(00000000000000003000000000000000) Importer(815301076,1909f56bfc062723c751e8b465ee728b)
Start importing ProjectSettings/TagManager.asset using Guid(00000000000000003000000000000000) Importer(815301076,1909f56bfc062723c751e8b465ee728b)  -> (artifact id: '50431d8425b856a5138cd4b2df9b74d2') in 0.003717 seconds
  Import took 0.006885 seconds .

========================================================================
Received Import Request.
  Time since last request: 0.004544 seconds.
  path: ProjectSettings/TagManager.asset
  artifactKey: Guid(00000000000000003000000000000000) Importer(815301076,1909f56bfc062723c751e8b465ee728b)
Start importing ProjectSettings/TagManager.asset using Guid(00000000000000003000000000000000) Importer(815301076,1909f56bfc062723c751e8b465ee728b)  -> (artifact id: '50431d8425b856a5138cd4b2df9b74d2') in 0.001345 seconds
  Import took 0.003268 seconds .

========================================================================
Received Prepare
Registering precompiled user dll's ...
Registered in 0.001064 seconds.
Begin MonoManager ReloadAssembly
Native extension for WindowsStandalone target not found
Refreshing native plugins compatible for Editor in 0.36 ms, found 1 plugins.
Preloading 0 native plugins for Editor in 0.00 ms.
Invoked RoslynAnalysisRunner static constructor.
RoslynAnalysisRunner will not be running.
RoslynAnalysisRunner has terminated.
Mono: successfully reloaded assembly
- Completed reload, in  0.574 seconds
Platform modules already initialized, skipping
Refreshing native plugins compatible for Editor in 0.30 ms, found 1 plugins.
Preloading 0 native plugins for Editor in 0.00 ms.
Unloading 1834 Unused Serialized files (Serialized files now loaded: 0)
System memory in use before: 93.8 MB.
System memory in use after: 93.9 MB.

Unloading 12 unused Assets to reduce memory usage. Loaded Objects now: 2328.
Total: 1.679300 ms (FindLiveObjects: 0.182400 ms CreateObjectMapping: 0.052700 ms MarkObjects: 1.429500 ms  DeleteObjects: 0.014100 ms)

========================================================================
Received Import Request.
  Time since last request: 26.370057 seconds.
  path: Assets/Animation/Enemy/Enemy.controller
  artifactKey: Guid(0ca91aec81e71244a87a708584a8b164) Importer(815301076,1909f56bfc062723c751e8b465ee728b)
Start importing Assets/Animation/Enemy/Enemy.controller using Guid(0ca91aec81e71244a87a708584a8b164) Importer(815301076,1909f56bfc062723c751e8b465ee728b)  -> (artifact id: 'f6fd5c678b63b2f4578169474ae4ca25') in 0.010670 seconds
  Import took 0.013142 seconds .

========================================================================
Received Prepare
Registering precompiled user dll's ...
Registered in 0.001152 seconds.
Begin MonoManager ReloadAssembly
Native extension for WindowsStandalone target not found
Refreshing native plugins compatible for Editor in 0.36 ms, found 1 plugins.
Preloading 0 native plugins for Editor in 0.00 ms.
Invoked RoslynAnalysisRunner static constructor.
RoslynAnalysisRunner will not be running.
RoslynAnalysisRunner has terminated.
Mono: successfully reloaded assembly
- Completed reload, in  0.566 seconds
Platform modules already initialized, skipping
Refreshing native plugins compatible for Editor in 0.28 ms, found 1 plugins.
Preloading 0 native plugins for Editor in 0.00 ms.
Unloading 1834 Unused Serialized files (Serialized files now loaded: 0)
System memory in use before: 93.8 MB.
System memory in use after: 93.9 MB.

Unloading 10 unused Assets to reduce memory usage. Loaded Objects now: 2332.
Total: 5.335400 ms (FindLiveObjects: 0.382000 ms CreateObjectMapping: 0.039100 ms MarkObjects: 4.830700 ms  DeleteObjects: 0.081400 ms)

========================================================================
Received Import Request.
  Time since last request: 9.557473 seconds.
  path: Assets/Animation/Enemy/RangeAttack.anim
  artifactKey: Guid(00b4b88eb85516d45ba5bbb1c51db090) Importer(815301076,1909f56bfc062723c751e8b465ee728b)
Start importing Assets/Animation/Enemy/RangeAttack.anim using Guid(00b4b88eb85516d45ba5bbb1c51db090) Importer(815301076,1909f56bfc062723c751e8b465ee728b)  -> (artifact id: 'fdec9505e1b191936b8bab04b7634a95') in 0.009549 seconds
  Import took 0.011597 seconds .

========================================================================
Received Prepare
Registering precompiled user dll's ...
Registered in 0.001013 seconds.
Begin MonoManager ReloadAssembly
Native extension for WindowsStandalone target not found
Refreshing native plugins compatible for Editor in 0.36 ms, found 1 plugins.
Preloading 0 native plugins for Editor in 0.00 ms.
Invoked RoslynAnalysisRunner static constructor.
RoslynAnalysisRunner will not be running.
RoslynAnalysisRunner has terminated.
Mono: successfully reloaded assembly
- Completed reload, in  0.555 seconds
Platform modules already initialized, skipping
Refreshing native plugins compatible for Editor in 0.29 ms, found 1 plugins.
Preloading 0 native plugins for Editor in 0.00 ms.
Unloading 1833 Unused Serialized files (Serialized files now loaded: 0)
System memory in use before: 93.8 MB.
System memory in use after: 93.9 MB.

Unloading 11 unused Assets to reduce memory usage. Loaded Objects now: 2335.
Total: 1.745400 ms (FindLiveObjects: 0.170300 ms CreateObjectMapping: 0.058700 ms MarkObjects: 1.502300 ms  DeleteObjects: 0.013400 ms)

AssetImportWorkerClient::OnTransportError - code=2 error=End of file
